Removed Pin From Net: NetName=UHG Pin=D26-2
Removed Pin From Net: NetName=ULG Pin=D27-2
Removed Pin From Net: NetName=VHG Pin=D28-2
Removed Pin From Net: NetName=VLG Pin=D29-2
Removed Pin From Net: NetName=WHG Pin=D30-2
Removed Pin From Net: NetName=WLG Pin=D31-2
Removed Pin From Net: NetName=MU Pin=Q13-0
Removed Pin From Net: NetName=VCC_24V Pin=Q13-2
Removed Pin From Net: NetName=ISENS Pin=Q14-0
Removed Pin From Net: NetName=MU Pin=Q14-2
Removed Pin From Net: NetName=MV Pin=Q15-0
Removed Pin From Net: NetName=VCC_24V Pin=Q15-2
Removed Pin From Net: NetName=ISENS Pin=Q16-0
Removed Pin From Net: NetName=MV Pin=Q16-2
Removed Pin From Net: NetName=MW Pin=Q17-0
Removed Pin From Net: NetName=VCC_24V Pin=Q17-2
Removed Pin From Net: NetName=ISENS Pin=Q18-0
Removed Pin From Net: NetName=MW Pin=Q18-2
Removed Pin From Net: NetName=UHG Pin=R42-1
Removed Pin From Net: NetName=ULG Pin=R43-1
Removed Pin From Net: NetName=VHG Pin=R44-1
Removed Pin From Net: NetName=VLG Pin=R45-1
Removed Pin From Net: NetName=WHG Pin=R46-1
Removed Pin From Net: NetName=WLG Pin=R47-1
Removed Member From Class: ClassName=Sensor Brushless Driver V1.01 Member=D26
Removed Member From Class: ClassName=Sensor Brushless Driver V1.01 Member=D27
Removed Member From Class: ClassName=Sensor Brushless Driver V1.01 Member=D28
Removed Member From Class: ClassName=Sensor Brushless Driver V1.01 Member=D29
Removed Member From Class: ClassName=Sensor Brushless Driver V1.01 Member=D30
Removed Member From Class: ClassName=Sensor Brushless Driver V1.01 Member=D31
Removed Member From Class: ClassName=Sensor Brushless Driver V1.01 Member=Q13
Removed Member From Class: ClassName=Sensor Brushless Driver V1.01 Member=Q14
Removed Member From Class: ClassName=Sensor Brushless Driver V1.01 Member=Q15
Removed Member From Class: ClassName=Sensor Brushless Driver V1.01 Member=Q16
Removed Member From Class: ClassName=Sensor Brushless Driver V1.01 Member=Q17
Removed Member From Class: ClassName=Sensor Brushless Driver V1.01 Member=Q18
Removed Member From Class: ClassName=Sensor Brushless Driver V1.01 Member=R42
Removed Member From Class: ClassName=Sensor Brushless Driver V1.01 Member=R43
Removed Member From Class: ClassName=Sensor Brushless Driver V1.01 Member=R44
Removed Member From Class: ClassName=Sensor Brushless Driver V1.01 Member=R45
Removed Member From Class: ClassName=Sensor Brushless Driver V1.01 Member=R46
Removed Member From Class: ClassName=Sensor Brushless Driver V1.01 Member=R47
