Added Component: Designator=C1(CC2012-0805)
Added Component: Designator=C2(CC2012-0805)
Added Component: Designator=C3(CC2012-0805)
Added Component: Designator=C4(CC2012-0805)
Added Component: Designator=C5(CC2012-0805)
Added Component: Designator=C6(CC2012-0805)
Added Component: Designator=C7(CC2012-0805)
Added Component: Designator=C8(CC3216-1206)
Added Component: Designator=C9(CC2012-0805)
Added Component: Designator=C10(CC2012-0805)
Added Component: Designator=C11(EIA7343)
Added Component: Designator=C12(CC2012-0805)
Added Component: Designator=C13(CC3216-1206)
Added Component: Designator=C14(CC2012-0805)
Added Component: Designator=C15(CC2012-0805)
Added Component: Designator=C16(CC2012-0805)
Added Component: Designator=C17(CC2012-0805)
Added Component: Designator=C18(CC3216-1206)
Added Component: Designator=C19(CC2012-0805)
Added Component: Designator=C20(CC2012-0805)
Added Component: Designator=C21(CC3216-1206)
Added Component: Designator=C22(CC2012-0805)
Added Component: Designator=C23(CC2012-0805)
Added Component: Designator=C24(CAP10x12)
Added Component: Designator=C25(CAP10x12)
Added Component: Designator=D1(SMA)
Added Component: Designator=D2(SMA)
Added Component: Designator=D3(SOD-80)
Added Component: Designator=D4(SOD-80)
Added Component: Designator=D5(SMA)
Added Component: Designator=D6(SMA)
Added Component: Designator=D7(SMA)
Added Component: Designator=D8(SMA)
Added Component: Designator=D9(SMA)
Added Component: Designator=D10(SOD-80)
Added Component: Designator=D11(SOD-80)
Added Component: Designator=D12(SMA)
Added Component: Designator=D13(SMA)
Added Component: Designator=D14(SMA)
Added Component: Designator=D15(SMA)
Added Component: Designator=D16(SMA)
Added Component: Designator=D17(SOD-80)
Added Component: Designator=D18(SOD-80)
Added Component: Designator=D19(SMA)
Added Component: Designator=D20(SMA)
Added Component: Designator=D21(SMA)
Added Component: Designator=D22(D0805)
Added Component: Designator=D23(D0805)
Added Component: Designator=D24(D0805)
Added Component: Designator=D25(D0805)
Added Component: Designator=D26(SMA)
Added Component: Designator=D27(SMA)
Added Component: Designator=D28(SMA)
Added Component: Designator=D29(SMA)
Added Component: Designator=D30(SMA)
Added Component: Designator=D31(SMA)
Added Component: Designator=F1(FUSE SOCKET)
Added Component: Designator=P1(2.5X4_WIRE_PAD)
Added Component: Designator=P2(2.5X4_WIRE_PAD)
Added Component: Designator=P3(2.5X4_WIRE_PAD)
Added Component: Designator=P4(LOCKEDHDR-5W)
Added Component: Designator=P5(LOCKEDHDR-4W)
Added Component: Designator=P6(xt60(m))
Added Component: Designator=Project1(Robocon_Logo)
Added Component: Designator=Project2(Robocon_Logo)
Added Component: Designator=Q1(D2k 7pin)
Added Component: Designator=Q2(D2k 7pin)
Added Component: Designator=Q3(D2k 7pin)
Added Component: Designator=Q4(D2k 7pin)
Added Component: Designator=Q5(D2k 7pin)
Added Component: Designator=Q6(D2k 7pin)
Added Component: Designator=Q7(D2k 7pin)
Added Component: Designator=Q8(D2k 7pin)
Added Component: Designator=Q9(D2k 7pin)
Added Component: Designator=Q10(D2k 7pin)
Added Component: Designator=Q11(D2k 7pin)
Added Component: Designator=Q12(D2k 7pin)
Added Component: Designator=Q13(D2k 7pin)
Added Component: Designator=Q14(D2k 7pin)
Added Component: Designator=Q15(D2k 7pin)
Added Component: Designator=Q16(D2k 7pin)
Added Component: Designator=Q17(D2k 7pin)
Added Component: Designator=Q18(D2k 7pin)
Added Component: Designator=R1(CR2012-0805)
Added Component: Designator=R2(CR2012-0805)
Added Component: Designator=R3(CR2012-0805)
Added Component: Designator=R4(CR2012-0805)
Added Component: Designator=R5(CR2012-0805)
Added Component: Designator=R6(CR2012-0805)
Added Component: Designator=R7(CR2012-0805)
Added Component: Designator=R8(CR2012-0805)
Added Component: Designator=R9(CR2012-0805)
Added Component: Designator=R10(CR2012-0805)
Added Component: Designator=R11(CR2012-0805)
Added Component: Designator=R12(CR2012-0805)
Added Component: Designator=R13(CR2012-0805)
Added Component: Designator=R14(CR2012-0805)
Added Component: Designator=R15(CR2012-0805)
Added Component: Designator=R16(CR2012-0805)
Added Component: Designator=R17(CR2012-0805)
Added Component: Designator=R18(CR2012-0805)
Added Component: Designator=R19(CR2012-0805)
Added Component: Designator=R20(CR2012-0805)
Added Component: Designator=R21(CR2012-0805)
Added Component: Designator=R22(CR2012-0805)
Added Component: Designator=R23(CR2012-0805)
Added Component: Designator=R24(CR2012-0805)
Added Component: Designator=R25(CR2012-0805)
Added Component: Designator=R26(CR2012-0805)
Added Component: Designator=R27(CR2012-0805)
Added Component: Designator=R28(CR2012-0805)
Added Component: Designator=R29(CR2012-0805)
Added Component: Designator=R30(CR2012-0805)
Added Component: Designator=R31(CR2012-0805)
Added Component: Designator=R32(CR2012-0805)
Added Component: Designator=R33(CR2012-0805)
Added Component: Designator=R34(CR6332-2512)
Added Component: Designator=R35(CR6332-2512)
Added Component: Designator=R36(CR6332-2512)
Added Component: Designator=R37(CR6332-2512)
Added Component: Designator=R38(CR6332-2512)
Added Component: Designator=R39(CR6332-2512)
Added Component: Designator=R40(CR2012-0805)
Added Component: Designator=R41(CR2012-0805)
Added Component: Designator=R42(CR2012-0805)
Added Component: Designator=R43(CR2012-0805)
Added Component: Designator=R44(CR2012-0805)
Added Component: Designator=R45(CR2012-0805)
Added Component: Designator=R46(CR2012-0805)
Added Component: Designator=R47(CR2012-0805)
Added Component: Designator=R48(CR6332-2512)
Added Component: Designator=R49(CR6332-2512)
Added Component: Designator=R50(CR6332-2512)
Added Component: Designator=R51(CR6332-2512)
Added Component: Designator=R52(CR2012-0805)
Added Component: Designator=R53(CR2012-0805)
Added Component: Designator=R54(CR2012-0805)
Added Component: Designator=R55(CR2012-0805)
Added Component: Designator=R56(CR2012-0805)
Added Component: Designator=U1(SOP-24)
Added Component: Designator=U2(SOP-24)
Added Component: Designator=U3(SOP-14)
Added Component: Designator=U4(SOP-8)
Added Component: Designator=U5(SOP-8)
Added Pin To Net: NetName=AHI Pin=C1-2
Added Pin To Net: NetName=AHI Pin=R3-1
Added Pin To Net: NetName=AHI Pin=R4-1
Added Pin To Net: NetName=AHI Pin=U1-2
Added Pin To Net: NetName=AHI Pin=U2-5
Added Net: Name=AHI
Added Pin To Net: NetName=ALI Pin=U1-21
Added Net: Name=ALI
Added Pin To Net: NetName=BHI Pin=C2-2
Added Pin To Net: NetName=BHI Pin=R5-1
Added Pin To Net: NetName=BHI Pin=R8-1
Added Pin To Net: NetName=BHI Pin=U1-1
Added Pin To Net: NetName=BHI Pin=U2-2
Added Net: Name=BHI
Added Pin To Net: NetName=BLI Pin=U1-20
Added Net: Name=BLI
Added Pin To Net: NetName=BRAKE Pin=R11-1
Added Pin To Net: NetName=BRAKE Pin=U1-23
Added Net: Name=BRAKE
Added Pin To Net: NetName=CHI Pin=C3-2
Added Pin To Net: NetName=CHI Pin=R12-1
Added Pin To Net: NetName=CHI Pin=R14-1
Added Pin To Net: NetName=CHI Pin=U1-24
Added Pin To Net: NetName=CHI Pin=U2-12
Added Net: Name=CHI
Added Pin To Net: NetName=CLI Pin=U1-19
Added Net: Name=CLI
Added Pin To Net: NetName=D\I\R\ Pin=C6-1
Added Pin To Net: NetName=D\I\R\ Pin=R18-1
Added Pin To Net: NetName=D\I\R\ Pin=R19-1
Added Pin To Net: NetName=D\I\R\ Pin=U3-11
Added Pin To Net: NetName=D\I\R\ Pin=U3-12
Added Net: Name=D\I\R\
Added Pin To Net: NetName=DIR Pin=R33-2
Added Pin To Net: NetName=DIR Pin=U1-3
Added Pin To Net: NetName=DIR Pin=U3-13
Added Net: Name=DIR
Added Pin To Net: NetName=ERRINV Pin=R55-1
Added Pin To Net: NetName=ERRINV Pin=R56-1
Added Pin To Net: NetName=ERRINV Pin=U1-12
Added Net: Name=ERRINV
Added Pin To Net: NetName=FAULT Pin=R22-1
Added Pin To Net: NetName=FAULT Pin=U1-14
Added Pin To Net: NetName=FAULT Pin=U3-5
Added Pin To Net: NetName=FAULT Pin=U3-6
Added Net: Name=FAULT
Added Pin To Net: NetName=GND Pin=C1-1
Added Pin To Net: NetName=GND Pin=C2-1
Added Pin To Net: NetName=GND Pin=C3-1
Added Pin To Net: NetName=GND Pin=C5-2
Added Pin To Net: NetName=GND Pin=C6-2
Added Pin To Net: NetName=GND Pin=C8-2
Added Pin To Net: NetName=GND Pin=C9-2
Added Pin To Net: NetName=GND Pin=C10-2
Added Pin To Net: NetName=GND Pin=C11-2
Added Pin To Net: NetName=GND Pin=C13-2
Added Pin To Net: NetName=GND Pin=C15-2
Added Pin To Net: NetName=GND Pin=C16-2
Added Pin To Net: NetName=GND Pin=C18-2
Added Pin To Net: NetName=GND Pin=C19-2
Added Pin To Net: NetName=GND Pin=C21-2
Added Pin To Net: NetName=GND Pin=C23-2
Added Pin To Net: NetName=GND Pin=C24-2
Added Pin To Net: NetName=GND Pin=C25-2
Added Pin To Net: NetName=GND Pin=D4-1
Added Pin To Net: NetName=GND Pin=D11-1
Added Pin To Net: NetName=GND Pin=D18-1
Added Pin To Net: NetName=GND Pin=D22-2
Added Pin To Net: NetName=GND Pin=D23-2
Added Pin To Net: NetName=GND Pin=P4-5
Added Pin To Net: NetName=GND Pin=P5-4
Added Pin To Net: NetName=GND Pin=P6-2
Added Pin To Net: NetName=GND Pin=R4-2
Added Pin To Net: NetName=GND Pin=R8-2
Added Pin To Net: NetName=GND Pin=R9-2
Added Pin To Net: NetName=GND Pin=R10-2
Added Pin To Net: NetName=GND Pin=R11-2
Added Pin To Net: NetName=GND Pin=R14-2
Added Pin To Net: NetName=GND Pin=R15-1
Added Pin To Net: NetName=GND Pin=R19-2
Added Pin To Net: NetName=GND Pin=R25-1
Added Pin To Net: NetName=GND Pin=R31-1
Added Pin To Net: NetName=GND Pin=R34-1
Added Pin To Net: NetName=GND Pin=R35-1
Added Pin To Net: NetName=GND Pin=R36-1
Added Pin To Net: NetName=GND Pin=R37-1
Added Pin To Net: NetName=GND Pin=R38-1
Added Pin To Net: NetName=GND Pin=R39-1
Added Pin To Net: NetName=GND Pin=R40-1
Added Pin To Net: NetName=GND Pin=R48-1
Added Pin To Net: NetName=GND Pin=R49-1
Added Pin To Net: NetName=GND Pin=R50-1
Added Pin To Net: NetName=GND Pin=R51-1
Added Pin To Net: NetName=GND Pin=R56-2
Added Pin To Net: NetName=GND Pin=U1-15
Added Pin To Net: NetName=GND Pin=U1-16
Added Pin To Net: NetName=GND Pin=U2-6
Added Pin To Net: NetName=GND Pin=U3-7
Added Pin To Net: NetName=GND Pin=U4-7
Added Pin To Net: NetName=GND Pin=U4-8
Added Pin To Net: NetName=GND Pin=U5-7
Added Pin To Net: NetName=GND Pin=U5-8
Added Net: Name=GND
Added Pin To Net: NetName=HALLA Pin=R52-1
Added Pin To Net: NetName=HALLA Pin=U1-4
Added Net: Name=HALLA
Added Pin To Net: NetName=HALLB Pin=R53-1
Added Pin To Net: NetName=HALLB Pin=U1-5
Added Net: Name=HALLB
Added Pin To Net: NetName=HALLC Pin=R54-1
Added Pin To Net: NetName=HALLC Pin=U1-6
Added Net: Name=HALLC
Added Pin To Net: NetName=ISENS Pin=Q2-0
Added Pin To Net: NetName=ISENS Pin=Q4-0
Added Pin To Net: NetName=ISENS Pin=Q6-0
Added Pin To Net: NetName=ISENS Pin=Q8-0
Added Pin To Net: NetName=ISENS Pin=Q10-0
Added Pin To Net: NetName=ISENS Pin=Q12-0
Added Pin To Net: NetName=ISENS Pin=Q14-0
Added Pin To Net: NetName=ISENS Pin=Q16-0
Added Pin To Net: NetName=ISENS Pin=Q18-0
Added Pin To Net: NetName=ISENS Pin=R20-1
Added Pin To Net: NetName=ISENS Pin=R34-2
Added Pin To Net: NetName=ISENS Pin=R35-2
Added Pin To Net: NetName=ISENS Pin=R36-2
Added Pin To Net: NetName=ISENS Pin=R37-2
Added Pin To Net: NetName=ISENS Pin=R38-2
Added Pin To Net: NetName=ISENS Pin=R39-2
Added Pin To Net: NetName=ISENS Pin=R48-2
Added Pin To Net: NetName=ISENS Pin=R49-2
Added Pin To Net: NetName=ISENS Pin=R50-2
Added Pin To Net: NetName=ISENS Pin=R51-2
Added Net: Name=ISENS
Added Pin To Net: NetName=MU Pin=C4-2
Added Pin To Net: NetName=MU Pin=D3-2
Added Pin To Net: NetName=MU Pin=P1-1
Added Pin To Net: NetName=MU Pin=Q1-0
Added Pin To Net: NetName=MU Pin=Q2-2
Added Pin To Net: NetName=MU Pin=Q7-0
Added Pin To Net: NetName=MU Pin=Q8-2
Added Pin To Net: NetName=MU Pin=Q13-0
Added Pin To Net: NetName=MU Pin=Q14-2
Added Pin To Net: NetName=MU Pin=U2-18
Added Net: Name=MU
Added Pin To Net: NetName=MV Pin=C7-2
Added Pin To Net: NetName=MV Pin=D10-2
Added Pin To Net: NetName=MV Pin=P2-1
Added Pin To Net: NetName=MV Pin=Q3-0
Added Pin To Net: NetName=MV Pin=Q4-2
Added Pin To Net: NetName=MV Pin=Q9-0
Added Pin To Net: NetName=MV Pin=Q10-2
Added Pin To Net: NetName=MV Pin=Q15-0
Added Pin To Net: NetName=MV Pin=Q16-2
Added Pin To Net: NetName=MV Pin=U2-23
Added Net: Name=MV
Added Pin To Net: NetName=MW Pin=C17-2
Added Pin To Net: NetName=MW Pin=D17-2
Added Pin To Net: NetName=MW Pin=P3-1
Added Pin To Net: NetName=MW Pin=Q5-0
Added Pin To Net: NetName=MW Pin=Q6-2
Added Pin To Net: NetName=MW Pin=Q11-0
Added Pin To Net: NetName=MW Pin=Q12-2
Added Pin To Net: NetName=MW Pin=Q17-0
Added Pin To Net: NetName=MW Pin=Q18-2
Added Pin To Net: NetName=MW Pin=U2-15
Added Net: Name=MW
Added Pin To Net: NetName=NetC4_1 Pin=C4-1
Added Pin To Net: NetName=NetC4_1 Pin=D5-2
Added Pin To Net: NetName=NetC4_1 Pin=U2-16
Added Net: Name=NetC4_1
Added Pin To Net: NetName=NetC7_1 Pin=C7-1
Added Pin To Net: NetName=NetC7_1 Pin=D12-2
Added Pin To Net: NetName=NetC7_1 Pin=U2-1
Added Net: Name=NetC7_1
Added Pin To Net: NetName=NetC8_1 Pin=C8-1
Added Pin To Net: NetName=NetC8_1 Pin=R20-2
Added Pin To Net: NetName=NetC8_1 Pin=U1-9
Added Net: Name=NetC8_1
Added Pin To Net: NetName=NetC9_1 Pin=C9-1
Added Pin To Net: NetName=NetC9_1 Pin=R21-2
Added Pin To Net: NetName=NetC9_1 Pin=U1-10
Added Net: Name=NetC9_1
Added Pin To Net: NetName=NetC12_1 Pin=C12-1
Added Pin To Net: NetName=NetC12_1 Pin=U4-1
Added Net: Name=NetC12_1
Added Pin To Net: NetName=NetC12_2 Pin=C12-2
Added Pin To Net: NetName=NetC12_2 Pin=U4-2
Added Net: Name=NetC12_2
Added Pin To Net: NetName=NetC14_1 Pin=C14-1
Added Pin To Net: NetName=NetC14_1 Pin=U4-3
Added Net: Name=NetC14_1
Added Pin To Net: NetName=NetC14_2 Pin=C14-2
Added Pin To Net: NetName=NetC14_2 Pin=U4-4
Added Net: Name=NetC14_2
Added Pin To Net: NetName=NetC17_1 Pin=C17-1
Added Pin To Net: NetName=NetC17_1 Pin=D19-2
Added Pin To Net: NetName=NetC17_1 Pin=U2-13
Added Net: Name=NetC17_1
Added Pin To Net: NetName=NetC20_1 Pin=C20-1
Added Pin To Net: NetName=NetC20_1 Pin=U5-1
Added Net: Name=NetC20_1
Added Pin To Net: NetName=NetC20_2 Pin=C20-2
Added Pin To Net: NetName=NetC20_2 Pin=U5-2
Added Net: Name=NetC20_2
Added Pin To Net: NetName=NetC22_1 Pin=C22-1
Added Pin To Net: NetName=NetC22_1 Pin=U5-3
Added Net: Name=NetC22_1
Added Pin To Net: NetName=NetC22_2 Pin=C22-2
Added Pin To Net: NetName=NetC22_2 Pin=U5-4
Added Net: Name=NetC22_2
Added Pin To Net: NetName=NetD1_1 Pin=D1-1
Added Pin To Net: NetName=NetD1_1 Pin=Q7-1
Added Pin To Net: NetName=NetD1_1 Pin=R1-2
Added Net: Name=NetD1_1
Added Pin To Net: NetName=NetD2_1 Pin=D2-1
Added Pin To Net: NetName=NetD2_1 Pin=Q1-1
Added Pin To Net: NetName=NetD2_1 Pin=R2-2
Added Net: Name=NetD2_1
Added Pin To Net: NetName=NetD3_1 Pin=D3-1
Added Pin To Net: NetName=NetD3_1 Pin=D4-2
Added Net: Name=NetD3_1
Added Pin To Net: NetName=NetD6_1 Pin=D6-1
Added Pin To Net: NetName=NetD6_1 Pin=Q8-1
Added Pin To Net: NetName=NetD6_1 Pin=R6-2
Added Net: Name=NetD6_1
Added Pin To Net: NetName=NetD7_1 Pin=D7-1
Added Pin To Net: NetName=NetD7_1 Pin=Q2-1
Added Pin To Net: NetName=NetD7_1 Pin=R7-2
Added Net: Name=NetD7_1
Added Pin To Net: NetName=NetD8_1 Pin=D8-1
Added Pin To Net: NetName=NetD8_1 Pin=Q9-1
Added Pin To Net: NetName=NetD8_1 Pin=R16-2
Added Net: Name=NetD8_1
Added Pin To Net: NetName=NetD9_1 Pin=D9-1
Added Pin To Net: NetName=NetD9_1 Pin=Q3-1
Added Pin To Net: NetName=NetD9_1 Pin=R17-2
Added Net: Name=NetD9_1
Added Pin To Net: NetName=NetD10_1 Pin=D10-1
Added Pin To Net: NetName=NetD10_1 Pin=D11-2
Added Net: Name=NetD10_1
Added Pin To Net: NetName=NetD13_1 Pin=D13-1
Added Pin To Net: NetName=NetD13_1 Pin=Q10-1
Added Pin To Net: NetName=NetD13_1 Pin=R23-2
Added Net: Name=NetD13_1
Added Pin To Net: NetName=NetD14_1 Pin=D14-1
Added Pin To Net: NetName=NetD14_1 Pin=Q4-1
Added Pin To Net: NetName=NetD14_1 Pin=R24-2
Added Net: Name=NetD14_1
Added Pin To Net: NetName=NetD15_1 Pin=D15-1
Added Pin To Net: NetName=NetD15_1 Pin=Q11-1
Added Pin To Net: NetName=NetD15_1 Pin=R26-2
Added Net: Name=NetD15_1
Added Pin To Net: NetName=NetD16_1 Pin=D16-1
Added Pin To Net: NetName=NetD16_1 Pin=Q5-1
Added Pin To Net: NetName=NetD16_1 Pin=R27-2
Added Net: Name=NetD16_1
Added Pin To Net: NetName=NetD17_1 Pin=D17-1
Added Pin To Net: NetName=NetD17_1 Pin=D18-2
Added Net: Name=NetD17_1
Added Pin To Net: NetName=NetD20_1 Pin=D20-1
Added Pin To Net: NetName=NetD20_1 Pin=Q12-1
Added Pin To Net: NetName=NetD20_1 Pin=R29-2
Added Net: Name=NetD20_1
Added Pin To Net: NetName=NetD21_1 Pin=D21-1
Added Pin To Net: NetName=NetD21_1 Pin=Q6-1
Added Pin To Net: NetName=NetD21_1 Pin=R30-2
Added Net: Name=NetD21_1
Added Pin To Net: NetName=NetD22_1 Pin=D22-1
Added Pin To Net: NetName=NetD22_1 Pin=R32-1
Added Net: Name=NetD22_1
Added Pin To Net: NetName=NetD23_1 Pin=D23-1
Added Pin To Net: NetName=NetD23_1 Pin=R33-1
Added Net: Name=NetD23_1
Added Pin To Net: NetName=NetD24_2 Pin=D24-2
Added Pin To Net: NetName=NetD24_2 Pin=R40-2
Added Net: Name=NetD24_2
Added Pin To Net: NetName=NetD25_1 Pin=D25-1
Added Pin To Net: NetName=NetD25_1 Pin=F1-2
Added Pin To Net: NetName=NetD25_1 Pin=F1-2
Added Pin To Net: NetName=NetD25_1 Pin=P6-1
Added Net: Name=NetD25_1
Added Pin To Net: NetName=NetD25_2 Pin=D25-2
Added Pin To Net: NetName=NetD25_2 Pin=R41-2
Added Net: Name=NetD25_2
Added Pin To Net: NetName=NetD26_1 Pin=D26-1
Added Pin To Net: NetName=NetD26_1 Pin=Q13-1
Added Pin To Net: NetName=NetD26_1 Pin=R42-2
Added Net: Name=NetD26_1
Added Pin To Net: NetName=NetD27_1 Pin=D27-1
Added Pin To Net: NetName=NetD27_1 Pin=Q14-1
Added Pin To Net: NetName=NetD27_1 Pin=R43-2
Added Net: Name=NetD27_1
Added Pin To Net: NetName=NetD28_1 Pin=D28-1
Added Pin To Net: NetName=NetD28_1 Pin=Q15-1
Added Pin To Net: NetName=NetD28_1 Pin=R44-2
Added Net: Name=NetD28_1
Added Pin To Net: NetName=NetD29_1 Pin=D29-1
Added Pin To Net: NetName=NetD29_1 Pin=Q16-1
Added Pin To Net: NetName=NetD29_1 Pin=R45-2
Added Net: Name=NetD29_1
Added Pin To Net: NetName=NetD30_1 Pin=D30-1
Added Pin To Net: NetName=NetD30_1 Pin=Q17-1
Added Pin To Net: NetName=NetD30_1 Pin=R46-2
Added Net: Name=NetD30_1
Added Pin To Net: NetName=NetD31_1 Pin=D31-1
Added Pin To Net: NetName=NetD31_1 Pin=Q18-1
Added Pin To Net: NetName=NetD31_1 Pin=R47-2
Added Net: Name=NetD31_1
Added Pin To Net: NetName=NetR28_1 Pin=R28-1
Added Pin To Net: NetName=NetR28_1 Pin=U2-7
Added Net: Name=NetR28_1
Added Pin To Net: NetName=NetU2_10 Pin=U2-10
Added Pin To Net: NetName=NetU2_10 Pin=U3-4
Added Net: Name=NetU2_10
Added Pin To Net: NetName=P\W\M\ Pin=C5-1
Added Pin To Net: NetName=P\W\M\ Pin=R10-1
Added Pin To Net: NetName=P\W\M\ Pin=R13-1
Added Pin To Net: NetName=P\W\M\ Pin=U3-8
Added Pin To Net: NetName=P\W\M\ Pin=U3-9
Added Net: Name=P\W\M\
Added Pin To Net: NetName=PHASE Pin=R9-1
Added Pin To Net: NetName=PHASE Pin=U1-22
Added Net: Name=PHASE
Added Pin To Net: NetName=PWM Pin=R32-2
Added Pin To Net: NetName=PWM Pin=U1-11
Added Pin To Net: NetName=PWM Pin=U3-10
Added Net: Name=PWM
Added Pin To Net: NetName=UHG Pin=D1-2
Added Pin To Net: NetName=UHG Pin=D2-2
Added Pin To Net: NetName=UHG Pin=D26-2
Added Pin To Net: NetName=UHG Pin=R1-1
Added Pin To Net: NetName=UHG Pin=R2-1
Added Pin To Net: NetName=UHG Pin=R42-1
Added Net: Name=UHG
Added Pin To Net: NetName=ULG Pin=D6-2
Added Pin To Net: NetName=ULG Pin=D7-2
Added Pin To Net: NetName=ULG Pin=D27-2
Added Pin To Net: NetName=ULG Pin=R6-1
Added Pin To Net: NetName=ULG Pin=R7-1
Added Pin To Net: NetName=ULG Pin=R15-2
Added Pin To Net: NetName=ULG Pin=R43-1
Added Pin To Net: NetName=ULG Pin=U2-21
Added Net: Name=ULG
Added Pin To Net: NetName=VCC_5V Pin=C15-1
Added Pin To Net: NetName=VCC_5V Pin=C16-1
Added Pin To Net: NetName=VCC_5V Pin=C18-1
Added Pin To Net: NetName=VCC_5V Pin=C23-1
Added Pin To Net: NetName=VCC_5V Pin=D24-1
Added Pin To Net: NetName=VCC_5V Pin=P4-2
Added Pin To Net: NetName=VCC_5V Pin=P5-1
Added Pin To Net: NetName=VCC_5V Pin=R3-2
Added Pin To Net: NetName=VCC_5V Pin=R5-2
Added Pin To Net: NetName=VCC_5V Pin=R12-2
Added Pin To Net: NetName=VCC_5V Pin=R13-2
Added Pin To Net: NetName=VCC_5V Pin=R18-2
Added Pin To Net: NetName=VCC_5V Pin=R22-2
Added Pin To Net: NetName=VCC_5V Pin=R52-2
Added Pin To Net: NetName=VCC_5V Pin=R53-2
Added Pin To Net: NetName=VCC_5V Pin=R54-2
Added Pin To Net: NetName=VCC_5V Pin=R55-2
Added Pin To Net: NetName=VCC_5V Pin=U1-7
Added Pin To Net: NetName=VCC_5V Pin=U3-2
Added Pin To Net: NetName=VCC_5V Pin=U3-3
Added Pin To Net: NetName=VCC_5V Pin=U3-14
Added Pin To Net: NetName=VCC_5V Pin=U4-5
Added Pin To Net: NetName=VCC_5V Pin=U5-5
Added Net: Name=VCC_5V
Added Pin To Net: NetName=VCC_12V Pin=C10-1
Added Pin To Net: NetName=VCC_12V Pin=C11-1
Added Pin To Net: NetName=VCC_12V Pin=C13-1
Added Pin To Net: NetName=VCC_12V Pin=C19-1
Added Pin To Net: NetName=VCC_12V Pin=C21-1
Added Pin To Net: NetName=VCC_12V Pin=D5-1
Added Pin To Net: NetName=VCC_12V Pin=D12-1
Added Pin To Net: NetName=VCC_12V Pin=D19-1
Added Pin To Net: NetName=VCC_12V Pin=R28-2
Added Pin To Net: NetName=VCC_12V Pin=U1-17
Added Pin To Net: NetName=VCC_12V Pin=U1-18
Added Pin To Net: NetName=VCC_12V Pin=U2-20
Added Pin To Net: NetName=VCC_12V Pin=U4-6
Added Pin To Net: NetName=VCC_12V Pin=U5-6
Added Net: Name=VCC_12V
Added Pin To Net: NetName=VCC_24V Pin=C24-1
Added Pin To Net: NetName=VCC_24V Pin=C25-1
Added Pin To Net: NetName=VCC_24V Pin=F1-1
Added Pin To Net: NetName=VCC_24V Pin=F1-1
Added Pin To Net: NetName=VCC_24V Pin=Q1-2
Added Pin To Net: NetName=VCC_24V Pin=Q3-2
Added Pin To Net: NetName=VCC_24V Pin=Q5-2
Added Pin To Net: NetName=VCC_24V Pin=Q7-2
Added Pin To Net: NetName=VCC_24V Pin=Q9-2
Added Pin To Net: NetName=VCC_24V Pin=Q11-2
Added Pin To Net: NetName=VCC_24V Pin=Q13-2
Added Pin To Net: NetName=VCC_24V Pin=Q15-2
Added Pin To Net: NetName=VCC_24V Pin=Q17-2
Added Pin To Net: NetName=VCC_24V Pin=R41-1
Added Net: Name=VCC_24V
Added Pin To Net: NetName=VCC_REF Pin=R21-1
Added Pin To Net: NetName=VCC_REF Pin=U1-8
Added Net: Name=VCC_REF
Added Pin To Net: NetName=VHG Pin=D8-2
Added Pin To Net: NetName=VHG Pin=D9-2
Added Pin To Net: NetName=VHG Pin=D28-2
Added Pin To Net: NetName=VHG Pin=R16-1
Added Pin To Net: NetName=VHG Pin=R17-1
Added Pin To Net: NetName=VHG Pin=R44-1
Added Net: Name=VHG
Added Pin To Net: NetName=VLG Pin=D13-2
Added Pin To Net: NetName=VLG Pin=D14-2
Added Pin To Net: NetName=VLG Pin=D29-2
Added Pin To Net: NetName=VLG Pin=R23-1
Added Pin To Net: NetName=VLG Pin=R24-1
Added Pin To Net: NetName=VLG Pin=R25-2
Added Pin To Net: NetName=VLG Pin=R45-1
Added Pin To Net: NetName=VLG Pin=U2-22
Added Net: Name=VLG
Added Pin To Net: NetName=WHG Pin=D15-2
Added Pin To Net: NetName=WHG Pin=D16-2
Added Pin To Net: NetName=WHG Pin=D30-2
Added Pin To Net: NetName=WHG Pin=R26-1
Added Pin To Net: NetName=WHG Pin=R27-1
Added Pin To Net: NetName=WHG Pin=R46-1
Added Net: Name=WHG
Added Pin To Net: NetName=WLG Pin=D20-2
Added Pin To Net: NetName=WLG Pin=D21-2
Added Pin To Net: NetName=WLG Pin=D31-2
Added Pin To Net: NetName=WLG Pin=R29-1
Added Pin To Net: NetName=WLG Pin=R30-1
Added Pin To Net: NetName=WLG Pin=R31-2
Added Pin To Net: NetName=WLG Pin=R47-1
Added Pin To Net: NetName=WLG Pin=U2-19
Added Net: Name=WLG
Added Class: Name=Sensor Brushless Driver V1.01
Added Room: Name=Sensor Brushless Driver V1.01
