Change Component Designator: OldDesignator=24V NewDesignator=FUSE
Added Component: Designator=12V(D0805)
Added Component: Designator=24V(D0805)
Added Component: Designator=C24(CAP10x12)
Added Component: Designator=R57(CR2012-0805)
Added Component: Designator=R58(CR2012-0805)
Added Pin To Net: NetName=VCC_12V Pin=12V-1
Added Pin To Net: NetName=VCC_24V Pin=24V-1
Added Pin To Net: NetName=VCC_24V Pin=C24-1
Added Pin To Net: NetName=GND Pin=C24-2
Added Pin To Net: NetName=GND Pin=R57-1
Added Pin To Net: NetName=GND Pin=R58-1
Change Net Name : Old Net Name=NetD22_1 New Net Name=NetPWM_1
Change Net Name : Old Net Name=NetD23_1 New Net Name=NetDIR_1
Change Net Name : Old Net Name=NetD24_2 New Net Name=Net5V_2
Change Net Name : Old Net Name=NetD25_1 New Net Name=NetF1_2
Change Net Name : Old Net Name=NetD25_2 New Net Name=NetFUSE_2
Added Pin To Net: NetName=Net12V_2 Pin=12V-2
Added Pin To Net: NetName=Net12V_2 Pin=R57-2
Added Net: Name=Net12V_2
Added Pin To Net: NetName=Net24V_2 Pin=24V-2
Added Pin To Net: NetName=Net24V_2 Pin=R58-2
Added Net: Name=Net24V_2
Added Member To Class: ClassName=Sensor Brushless Driver V1.01 Member=Component 12V VCC_12V
Added Member To Class: ClassName=Sensor Brushless Driver V1.01 Member=Component C24 470uF
Added Member To Class: ClassName=Sensor Brushless Driver V1.01 Member=Component F1 20A Fuse
Added Member To Class: ClassName=Sensor Brushless Driver V1.01 Member=Component FUSE
Added Member To Class: ClassName=Sensor Brushless Driver V1.01 Member=Component R57 1k
Added Member To Class: ClassName=Sensor Brushless Driver V1.01 Member=Component R58 4.7k
Added Room: Name=Sensor Brushless Driver V1.01
