Removed Pin From Net: NetName=MU Pin=C4-2
Removed Pin From Net: NetName=MV Pin=C7-2
Removed Pin From Net: NetName=MW Pin=C17-2
Removed Pin From Net: NetName=MU Pin=D3-2
Removed Pin From Net: NetName=MV Pin=D10-2
Removed Pin From Net: NetName=MW Pin=D17-2
Removed Pin From Net: NetName=MW Pin=U2-15
Removed Pin From Net: NetName=MU Pin=U2-18
Removed Pin From Net: NetName=MV Pin=U2-23
Added Component: Designator=C26(CC2012-0805)
Added Component: Designator=C27(CC2012-0805)
Added Component: Designator=C28(CC2012-0805)
Added Component: Designator=R59(CR1005-0402)
Added Component: Designator=R60(CR1005-0402)
Added Component: Designator=R61(CR1005-0402)
Added Pin To Net: NetName=ISENS Pin=C26-1
Added Pin To Net: NetName=ISENS Pin=C27-1
Added Pin To Net: NetName=ISENS Pin=C28-1
Added Pin To Net: NetName=MV Pin=R60-2
Added Pin To Net: NetName=MU Pin=R61-2
Added Pin To Net: NetName=NetC4_2 Pin=C4-2
Added Pin To Net: NetName=NetC4_2 Pin=D3-2
Added Pin To Net: NetName=NetC4_2 Pin=R61-1
Added Pin To Net: NetName=NetC4_2 Pin=U2-18
Added Net: Name=NetC4_2
Added Pin To Net: NetName=NetC7_2 Pin=C7-2
Added Pin To Net: NetName=NetC7_2 Pin=D10-2
Added Pin To Net: NetName=NetC7_2 Pin=R60-1
Added Pin To Net: NetName=NetC7_2 Pin=U2-23
Added Net: Name=NetC7_2
Added Pin To Net: NetName=NetC17_2 Pin=C17-2
Added Pin To Net: NetName=NetC17_2 Pin=D17-2
Added Pin To Net: NetName=NetC17_2 Pin=R59-1
Added Pin To Net: NetName=NetC17_2 Pin=U2-15
Added Net: Name=NetC17_2
Added Member To Class: ClassName=Sensor Brushless Driver V1.01 Member=Component C26 100nF
Added Member To Class: ClassName=Sensor Brushless Driver V1.01 Member=Component C27 100nF
Added Member To Class: ClassName=Sensor Brushless Driver V1.01 Member=Component C28 100nF
Added Member To Class: ClassName=Sensor Brushless Driver V1.01 Member=Component R59 33R
Added Member To Class: ClassName=Sensor Brushless Driver V1.01 Member=Component R60 33R
Added Member To Class: ClassName=Sensor Brushless Driver V1.01 Member=Component R61 33R
