Removed Pin From Net: NetName=MU Pin=D1-2
Removed Pin From Net: NetName=GND Pin=D2-1
Removed Pin From Net: NetName=NetD1_1 Pin=D2-2
Removed Pin From Net: NetName=VCC_24V Pin=D6-1
Removed Pin From Net: NetName=NetC7_1 Pin=D6-2
Removed Pin From Net: NetName=MW Pin=D7-2
Removed Pin From Net: NetName=GND Pin=D8-1
Removed Pin From Net: NetName=NetD7_1 Pin=D8-2
Removed Pin From Net: NetName=VCC_24V Pin=D9-1
Removed Pin From Net: NetName=NetC17_1 Pin=D9-2
Removed Pin From Net: NetName=ISENS Pin=Q2-3
Removed Pin From Net: NetName=MU Pin=Q2-4
Removed Pin From Net: NetName=MV Pin=Q3-3
Removed Pin From Net: NetName=VCC_24V Pin=Q3-4
Removed Pin From Net: NetName=MV Pin=Q4-4
Removed Pin From Net: NetName=MW Pin=Q5-3
Removed Pin From Net: NetName=ISENS Pin=Q6-3
Removed Pin From Net: NetName=MW Pin=Q6-4
Removed Pin From Net: NetName=PHASE Pin=R4-1
Removed Pin From Net: NetName=P\W\M\ Pin=R8-1
Removed Pin From Net: NetName=VCC_5V Pin=R8-2
Removed Pin From Net: NetName=ISENS Pin=R9-1
Removed Pin From Net: NetName=D\I\R\ Pin=R10-1
Removed Pin From Net: NetName=VCC_5V Pin=R10-2
Removed Pin From Net: NetName=GND Pin=R14-1
Removed Pin From Net: NetName=ISENS Pin=R14-2
Removed Pin From Net: NetName=FAULT Pin=R15-1
Removed Pin From Net: NetName=VCC_5V Pin=R15-2
Removed Pin From Net: NetName=ISENS Pin=R17-1
Removed Pin From Net: NetName=ISENS Pin=R21-1
Removed Pin From Net: NetName=GND Pin=R23-1
Removed Pin From Net: NetName=GND Pin=R24-1
Change Component DesignItemId : Designator=D1 Old DesignItemId=D General New DesignItemId=D Schottky
Change Component DesignItemId : Designator=D2 Old DesignItemId=D General New DesignItemId=D Schottky
Change Component DesignItemId : Designator=D7 Old DesignItemId=D General New DesignItemId=D Schottky
Change Component DesignItemId : Designator=D8 Old DesignItemId=D General New DesignItemId=D Schottky
Change Component Footprint: Designator=R14 Old Footprint=CR6332-2512 New Footprint=CR2012-0805
Change Component Footprint: Designator=D1 Old Footprint=SOD-80 New Footprint=SMA
Change Component Footprint: Designator=D2 Old Footprint=SOD-80 New Footprint=SMA
Change Component Footprint: Designator=D7 Old Footprint=SOD-80 New Footprint=SMA
Change Component Footprint: Designator=D8 Old Footprint=SOD-80 New Footprint=SMA
Change Component Comment : Designator=R14 Old Comment=0.002R New Comment=4.7k
Change Component Comment : Designator=R4 Old Comment=0R New Comment=4.7k
Change Component Comment : Designator=R8 Old Comment=1k New Comment=4.7k
Change Component Comment : Designator=R10 Old Comment=1k New Comment=10k
Change Component Comment : Designator=D1 Old Comment=1N4148 New Comment=MBRS120
Change Component Comment : Designator=D2 Old Comment=1N4148 New Comment=MBRS120
Change Component Comment : Designator=D7 Old Comment=1N4148 New Comment=MBRS120
Change Component Comment : Designator=D8 Old Comment=1N4148 New Comment=MBRS120
Change Component Comment : Designator=R17 Old Comment=4.7k New Comment=33R
Change Component Comment : Designator=R15 Old Comment=10k New Comment=4.7k
Change Component Comment : Designator=R19 Old Comment=33R New Comment=10k
Change Component Comment : Designator=R23 Old Comment=330R New Comment=33R
Change Component Comment : Designator=R24 Old Comment=330R New Comment=33R
Change Component Designator: OldDesignator=D3 NewDesignator=D5
Change Component Designator: OldDesignator=D4 NewDesignator=D10
Change Component Designator: OldDesignator=D5 NewDesignator=D11
Change Component Designator: OldDesignator=D10 NewDesignator=D22
Change Component Designator: OldDesignator=D11 NewDesignator=D23
Change Component Designator: OldDesignator=D12 NewDesignator=D24
Change Component Designator: OldDesignator=R1 NewDesignator=R3
Change Component Designator: OldDesignator=R2 NewDesignator=R1
Change Component Designator: OldDesignator=R3 NewDesignator=R5
Change Component Designator: OldDesignator=R5 NewDesignator=R11
Change Component Designator: OldDesignator=R6 NewDesignator=R12
Change Component Designator: OldDesignator=R7 NewDesignator=R6
Change Component Designator: OldDesignator=R12 NewDesignator=R20
Change Component Designator: OldDesignator=R13 NewDesignator=R21
Change Component Designator: OldDesignator=R18 NewDesignator=R28
Change Component Designator: OldDesignator=R22 NewDesignator=R32
Added Component: Designator=D3(SOD-80)
Added Component: Designator=D4(SOD-80)
Added Component: Designator=D12(SMA)
Added Component: Designator=D13(SMA)
Added Component: Designator=D14(SMA)
Added Component: Designator=D15(SMA)
Added Component: Designator=D16(SMA)
Added Component: Designator=D17(SOD-80)
Added Component: Designator=D18(SOD-80)
Added Component: Designator=D19(SMA)
Added Component: Designator=D20(SMA)
Added Component: Designator=D21(SMA)
Added Component: Designator=Q3(TO-252AA)
Added Component: Designator=Q7(TO-252AA)
Added Component: Designator=Q8(TO-252AA)
Added Component: Designator=Q9(TO-252AA)
Added Component: Designator=Q10(TO-252AA)
Added Component: Designator=Q11(TO-252AA)
Added Component: Designator=Q12(TO-252AA)
Added Component: Designator=R2(CR2012-0805)
Added Component: Designator=R7(CR2012-0805)
Added Component: Designator=R9(CR2012-0805)
Added Component: Designator=R13(CR2012-0805)
Added Component: Designator=R18(CR2012-0805)
Added Component: Designator=R22(CR2012-0805)
Added Component: Designator=R25(CR2012-0805)
Added Component: Designator=R26(CR2012-0805)
Added Component: Designator=R27(CR2012-0805)
Added Component: Designator=R29(CR2012-0805)
Added Component: Designator=R30(CR2012-0805)
Added Component: Designator=R31(CR2012-0805)
Added Component: Designator=R33(CR2012-0805)
Added Component: Designator=R34(CR6332-2512)
Added Component: Designator=R35(CR6332-2512)
Added Component: Designator=R36(CR6332-2512)
Added Component: Designator=R37(CR6332-2512)
Added Component: Designator=R38(CR6332-2512)
Added Component: Designator=R39(CR2012-0805)
Added Pin To Net: NetName=MU Pin=D1-2
Added Pin To Net: NetName=GND Pin=D2-1
Added Pin To Net: NetName=VCC_24V Pin=D6-1
Added Pin To Net: NetName=NetC7_1 Pin=D6-2
Added Pin To Net: NetName=MW Pin=D7-2
Added Pin To Net: NetName=GND Pin=D8-1
Added Pin To Net: NetName=VCC_24V Pin=D9-1
Added Pin To Net: NetName=NetC17_1 Pin=D9-2
Added Pin To Net: NetName=NetD1_1 Pin=Q1-1
Added Pin To Net: NetName=MU Pin=Q2-3
Added Pin To Net: NetName=VCC_24V Pin=Q2-4
Added Pin To Net: NetName=ISENS Pin=Q2-3
Added Pin To Net: NetName=MU Pin=Q2-4
Added Pin To Net: NetName=NetD7_1 Pin=Q4-1
Added Pin To Net: NetName=MU Pin=Q4-4
Added Pin To Net: NetName=MV Pin=Q5-3
Added Pin To Net: NetName=MV Pin=Q6-3
Added Pin To Net: NetName=VCC_24V Pin=Q6-4
Added Pin To Net: NetName=ISENS Pin=Q7-3
Added Pin To Net: NetName=MV Pin=Q7-4
Added Pin To Net: NetName=ISENS Pin=Q8-3
Added Pin To Net: NetName=MV Pin=Q8-4
Added Pin To Net: NetName=MW Pin=Q9-3
Added Pin To Net: NetName=VCC_24V Pin=Q9-4
Added Pin To Net: NetName=MW Pin=Q10-3
Added Pin To Net: NetName=VCC_24V Pin=Q10-4
Added Pin To Net: NetName=ISENS Pin=Q11-3
Added Pin To Net: NetName=MW Pin=Q11-4
Added Pin To Net: NetName=ISENS Pin=Q12-3
Added Pin To Net: NetName=MW Pin=Q12-4
Added Pin To Net: NetName=NetD1_1 Pin=R1-2
Added Pin To Net: NetName=AHI Pin=R4-1
Added Pin To Net: NetName=NetD7_1 Pin=R7-2
Added Pin To Net: NetName=BHI Pin=R8-1
Added Pin To Net: NetName=GND Pin=R8-2
Added Pin To Net: NetName=PHASE Pin=R4-1
Added Pin To Net: NetName=GND Pin=R4-2
Added Pin To Net: NetName=P\W\M\ Pin=R10-1
Added Pin To Net: NetName=GND Pin=R10-2
Added Pin To Net: NetName=P\W\M\ Pin=R8-1
Added Pin To Net: NetName=VCC_5V Pin=R8-2
Added Pin To Net: NetName=CHI Pin=R14-1
Added Pin To Net: NetName=GND Pin=R14-2
Added Pin To Net: NetName=GND Pin=R15-1
Added Pin To Net: NetName=D\I\R\ Pin=R10-1
Added Pin To Net: NetName=VCC_5V Pin=R10-2
Added Pin To Net: NetName=D\I\R\ Pin=R19-1
Added Pin To Net: NetName=GND Pin=R19-2
Added Pin To Net: NetName=FAULT Pin=R15-1
Added Pin To Net: NetName=VCC_5V Pin=R15-2
Added Pin To Net: NetName=GND Pin=R25-1
Added Pin To Net: NetName=GND Pin=R31-1
Added Pin To Net: NetName=GND Pin=R23-1
Added Pin To Net: NetName=GND Pin=R14-1
Added Pin To Net: NetName=ISENS Pin=R14-2
Added Pin To Net: NetName=GND Pin=R35-1
Added Pin To Net: NetName=ISENS Pin=R35-2
Added Pin To Net: NetName=GND Pin=R36-1
Added Pin To Net: NetName=ISENS Pin=R36-2
Added Pin To Net: NetName=GND Pin=R37-1
Added Pin To Net: NetName=ISENS Pin=R37-2
Added Pin To Net: NetName=GND Pin=R38-1
Added Pin To Net: NetName=ISENS Pin=R38-2
Added Pin To Net: NetName=GND Pin=R24-1
Change Net Name : Old Net Name=NetD4_1 New Net Name=NetD10_1
Change Net Name : Old Net Name=NetD10_2 New Net Name=NetD22_2
Change Net Name : Old Net Name=NetR18_1 New Net Name=NetR28_1
Added Pin To Net: NetName=NetD2_1 Pin=D2-1
Added Pin To Net: NetName=NetD2_1 Pin=Q2-1
Added Pin To Net: NetName=NetD2_1 Pin=R2-2
Added Net: Name=NetD2_1
Added Pin To Net: NetName=NetD3_1 Pin=D1-1
Added Pin To Net: NetName=NetD3_1 Pin=D2-2
Added Net: Name=NetD3_1
Added Pin To Net: NetName=NetD6_1 Pin=D6-1
Added Pin To Net: NetName=NetD6_1 Pin=Q2-1
Added Pin To Net: NetName=NetD6_1 Pin=R6-2
Added Net: Name=NetD6_1
Added Pin To Net: NetName=NetD8_1 Pin=D8-1
Added Pin To Net: NetName=NetD8_1 Pin=Q5-1
Added Pin To Net: NetName=NetD8_1 Pin=R16-2
Added Net: Name=NetD8_1
Added Pin To Net: NetName=NetD9_1 Pin=D9-1
Added Pin To Net: NetName=NetD9_1 Pin=Q6-1
Added Pin To Net: NetName=NetD9_1 Pin=R17-2
Added Net: Name=NetD9_1
Added Pin To Net: NetName=NetD13_1 Pin=D13-1
Added Pin To Net: NetName=NetD13_1 Pin=Q7-1
Added Pin To Net: NetName=NetD13_1 Pin=R23-2
Added Net: Name=NetD13_1
Added Pin To Net: NetName=NetD14_1 Pin=D14-1
Added Pin To Net: NetName=NetD14_1 Pin=Q8-1
Added Pin To Net: NetName=NetD14_1 Pin=R24-2
Added Net: Name=NetD14_1
Added Pin To Net: NetName=NetD15_1 Pin=D15-1
Added Pin To Net: NetName=NetD15_1 Pin=Q9-1
Added Pin To Net: NetName=NetD15_1 Pin=R26-2
Added Net: Name=NetD15_1
Added Pin To Net: NetName=NetD16_1 Pin=D16-1
Added Pin To Net: NetName=NetD16_1 Pin=Q10-1
Added Pin To Net: NetName=NetD16_1 Pin=R27-2
Added Net: Name=NetD16_1
Added Pin To Net: NetName=NetD17_1 Pin=D7-1
Added Pin To Net: NetName=NetD17_1 Pin=D8-2
Added Net: Name=NetD17_1
Added Pin To Net: NetName=NetD20_1 Pin=D20-1
Added Pin To Net: NetName=NetD20_1 Pin=Q11-1
Added Pin To Net: NetName=NetD20_1 Pin=R29-2
Added Net: Name=NetD20_1
Added Pin To Net: NetName=NetD21_1 Pin=D21-1
Added Pin To Net: NetName=NetD21_1 Pin=Q12-1
Added Pin To Net: NetName=NetD21_1 Pin=R30-2
Added Net: Name=NetD21_1
Added Pin To Net: NetName=NetD23_2 Pin=D23-2
Added Pin To Net: NetName=NetD23_2 Pin=R23-2
Added Net: Name=NetD23_2
Added Pin To Net: NetName=NetD24_2 Pin=D24-2
Added Pin To Net: NetName=NetD24_2 Pin=R24-2
Added Net: Name=NetD24_2
Added Pin To Net: NetName=UHG Pin=D1-2
Added Pin To Net: NetName=UHG Pin=D2-2
Added Pin To Net: NetName=UHG Pin=R1-1
Added Pin To Net: NetName=UHG Pin=R2-1
Added Pin To Net: NetName=UHG Pin=U2-17
Added Net: Name=UHG
Added Pin To Net: NetName=ULG Pin=D6-2
Added Pin To Net: NetName=ULG Pin=D7-2
Added Pin To Net: NetName=ULG Pin=R6-1
Added Pin To Net: NetName=ULG Pin=R7-1
Added Pin To Net: NetName=ULG Pin=R15-2
Added Pin To Net: NetName=ULG Pin=U2-21
Added Net: Name=ULG
Added Pin To Net: NetName=VHG Pin=D8-2
Added Pin To Net: NetName=VHG Pin=D9-2
Added Pin To Net: NetName=VHG Pin=R16-1
Added Pin To Net: NetName=VHG Pin=R17-1
Added Pin To Net: NetName=VHG Pin=U2-24
Added Net: Name=VHG
Added Pin To Net: NetName=VLG Pin=D13-2
Added Pin To Net: NetName=VLG Pin=D14-2
Added Pin To Net: NetName=VLG Pin=R23-1
Added Pin To Net: NetName=VLG Pin=R24-1
Added Pin To Net: NetName=VLG Pin=R25-2
Added Pin To Net: NetName=VLG Pin=U2-22
Added Net: Name=VLG
Added Pin To Net: NetName=WHG Pin=D15-2
Added Pin To Net: NetName=WHG Pin=D16-2
Added Pin To Net: NetName=WHG Pin=R26-1
Added Pin To Net: NetName=WHG Pin=R27-1
Added Pin To Net: NetName=WHG Pin=U2-14
Added Net: Name=WHG
Added Pin To Net: NetName=WLG Pin=D20-2
Added Pin To Net: NetName=WLG Pin=D21-2
Added Pin To Net: NetName=WLG Pin=R29-1
Added Pin To Net: NetName=WLG Pin=R30-1
Added Pin To Net: NetName=WLG Pin=R31-2
Added Pin To Net: NetName=WLG Pin=U2-19
Added Net: Name=WLG
Added Member To Class: ClassName=Sensor Brushless Driver V1.0 Member=Component D13 MBRS120
Added Member To Class: ClassName=Sensor Brushless Driver V1.0 Member=Component D14 MBRS120
Added Member To Class: ClassName=Sensor Brushless Driver V1.0 Member=Component D15 MBRS120
Added Member To Class: ClassName=Sensor Brushless Driver V1.0 Member=Component D16 MBRS120
Added Member To Class: ClassName=Sensor Brushless Driver V1.0 Member=Component D17 1N4148
Added Member To Class: ClassName=Sensor Brushless Driver V1.0 Member=Component D18 1N4148
Added Member To Class: ClassName=Sensor Brushless Driver V1.0 Member=Component D19 MBRS120
Added Member To Class: ClassName=Sensor Brushless Driver V1.0 Member=Component D20 MBRS120
Added Member To Class: ClassName=Sensor Brushless Driver V1.0 Member=Component D21 MBRS120
Added Member To Class: ClassName=Sensor Brushless Driver V1.0 Member=Component D22 PWM
Added Member To Class: ClassName=Sensor Brushless Driver V1.0 Member=Component D23 DIR
Added Member To Class: ClassName=Sensor Brushless Driver V1.0 Member=Component D24 VCC
Added Member To Class: ClassName=Sensor Brushless Driver V1.0 Member=Component Q7 IRFR48Z
Added Member To Class: ClassName=Sensor Brushless Driver V1.0 Member=Component Q8 IRFR48Z
Added Member To Class: ClassName=Sensor Brushless Driver V1.0 Member=Component Q9 IRFR48Z
Added Member To Class: ClassName=Sensor Brushless Driver V1.0 Member=Component Q10 IRFR48Z
Added Member To Class: ClassName=Sensor Brushless Driver V1.0 Member=Component Q11 IRFR48Z
Added Member To Class: ClassName=Sensor Brushless Driver V1.0 Member=Component Q12 IRFR48Z
Added Member To Class: ClassName=Sensor Brushless Driver V1.0 Member=Component R25 4.7k
Added Member To Class: ClassName=Sensor Brushless Driver V1.0 Member=Component R26 33R
Added Member To Class: ClassName=Sensor Brushless Driver V1.0 Member=Component R27 33R
Added Member To Class: ClassName=Sensor Brushless Driver V1.0 Member=Component R28 10k
Added Member To Class: ClassName=Sensor Brushless Driver V1.0 Member=Component R29 33R
Added Member To Class: ClassName=Sensor Brushless Driver V1.0 Member=Component R30 33R
Added Member To Class: ClassName=Sensor Brushless Driver V1.0 Member=Component R31 4.7k
Added Member To Class: ClassName=Sensor Brushless Driver V1.0 Member=Component R32 330R
Added Member To Class: ClassName=Sensor Brushless Driver V1.0 Member=Component R33 330R
Added Member To Class: ClassName=Sensor Brushless Driver V1.0 Member=Component R34 10mR
Added Member To Class: ClassName=Sensor Brushless Driver V1.0 Member=Component R35 10mR
Added Member To Class: ClassName=Sensor Brushless Driver V1.0 Member=Component R36 10mR
Added Member To Class: ClassName=Sensor Brushless Driver V1.0 Member=Component R37 10mR
Added Member To Class: ClassName=Sensor Brushless Driver V1.0 Member=Component R38 10mR
Added Member To Class: ClassName=Sensor Brushless Driver V1.0 Member=Component R39 330R
