Added Component: Designator=C1(CC2012-0805)
Added Component: Designator=C2(CC2012-0805)
Added Component: Designator=C3(CC2012-0805)
Added Component: Designator=C4(CC2012-0805)
Added Component: Designator=C5(CC2012-0805)
Added Component: Designator=C6(CC2012-0805)
Added Component: Designator=C7(CC2012-0805)
Added Component: Designator=C8(CC3216-1206)
Added Component: Designator=C9(CC2012-0805)
Added Component: Designator=C10(CC2012-0805)
Added Component: Designator=C11(EIA7343)
Added Component: Designator=C12(CC2012-0805)
Added Component: Designator=C13(CC3216-1206)
Added Component: Designator=C14(CC2012-0805)
Added Component: Designator=C15(CC2012-0805)
Added Component: Designator=C16(CC2012-0805)
Added Component: Designator=C17(CC2012-0805)
Added Component: Designator=C18(CC3216-1206)
Added Component: Designator=C19(CC2012-0805)
Added Component: Designator=C20(CC2012-0805)
Added Component: Designator=C21(CC3216-1206)
Added Component: Designator=C22(CC2012-0805)
Added Component: Designator=C23(CC2012-0805)
Added Component: Designator=C24(CAP10x12)
Added Component: Designator=C25(CAP10x12)
Added Component: Designator=D1(SOD-80)
Added Component: Designator=D2(SOD-80)
Added Component: Designator=D3(SMA)
Added Component: Designator=D4(SOD-80)
Added Component: Designator=D5(SOD-80)
Added Component: Designator=D6(SMA)
Added Component: Designator=D7(SOD-80)
Added Component: Designator=D8(SOD-80)
Added Component: Designator=D9(SMA)
Added Component: Designator=D10(D0805)
Added Component: Designator=D11(D0805)
Added Component: Designator=D12(D0805)
Added Component: Designator=F1(FUSE SOCKET)
Added Component: Designator=P1(2.5X4_WIRE_PAD)
Added Component: Designator=P2(2.5X4_WIRE_PAD)
Added Component: Designator=P3(2.5X4_WIRE_PAD)
Added Component: Designator=P4(LOCKEDHDR-5W)
Added Component: Designator=P5(LOCKEDHDR-4W)
Added Component: Designator=P6(T-CONNECTOR(M))
Added Component: Designator=Q1(TO-252AA)
Added Component: Designator=Q2(TO-252AA)
Added Component: Designator=Q3(TO-252AA)
Added Component: Designator=Q4(TO-252AA)
Added Component: Designator=Q5(TO-252AA)
Added Component: Designator=Q6(TO-252AA)
Added Component: Designator=R1(CR2012-0805)
Added Component: Designator=R2(CR2012-0805)
Added Component: Designator=R3(CR2012-0805)
Added Component: Designator=R4(CR2012-0805)
Added Component: Designator=R5(CR2012-0805)
Added Component: Designator=R6(CR2012-0805)
Added Component: Designator=R7(CR2012-0805)
Added Component: Designator=R8(CR2012-0805)
Added Component: Designator=R9(CR2012-0805)
Added Component: Designator=R10(CR2012-0805)
Added Component: Designator=R11(CR2012-0805)
Added Component: Designator=R12(CR2012-0805)
Added Component: Designator=R13(CR2012-0805)
Added Component: Designator=R14(CR6332-2512)
Added Component: Designator=R15(CR2012-0805)
Added Component: Designator=R16(CR2012-0805)
Added Component: Designator=R17(CR2012-0805)
Added Component: Designator=R18(CR2012-0805)
Added Component: Designator=R19(CR2012-0805)
Added Component: Designator=R20(CR2012-0805)
Added Component: Designator=R21(CR2012-0805)
Added Component: Designator=R22(CR2012-0805)
Added Component: Designator=R23(CR2012-0805)
Added Component: Designator=R24(CR2012-0805)
Added Component: Designator=U1(SOP-24)
Added Component: Designator=U2(SOP-24)
Added Component: Designator=U3(SOP-14)
Added Component: Designator=U4(SOP-8)
Added Component: Designator=U5(SOP-8)
Added Pin To Net: NetName=GND Pin=C1-1
Added Pin To Net: NetName=GND Pin=C2-1
Added Pin To Net: NetName=GND Pin=C3-1
Added Pin To Net: NetName=GND Pin=C5-1
Added Pin To Net: NetName=GND Pin=C6-1
Added Pin To Net: NetName=GND Pin=C8-1
Added Pin To Net: NetName=GND Pin=C9-1
Added Pin To Net: NetName=GND Pin=C10-1
Added Pin To Net: NetName=GND Pin=C11-2
Added Pin To Net: NetName=GND Pin=C13-1
Added Pin To Net: NetName=NetC14_1 Pin=C14-1
Added Pin To Net: NetName=GND Pin=C15-1
Added Pin To Net: NetName=GND Pin=C16-1
Added Pin To Net: NetName=GND Pin=C18-1
Added Pin To Net: NetName=GND Pin=C19-1
Added Pin To Net: NetName=GND Pin=C21-1
Added Pin To Net: NetName=NetC22_2 Pin=C22-2
Added Pin To Net: NetName=GND Pin=C23-1
Added Pin To Net: NetName=GND Pin=C24-2
Added Pin To Net: NetName=GND Pin=C25-2
Added Pin To Net: NetName=GND Pin=D2-1
Added Pin To Net: NetName=GND Pin=D5-1
Added Pin To Net: NetName=GND Pin=D8-1
Added Pin To Net: NetName=NetD10_2 Pin=D10-2
Added Pin To Net: NetName=NetD11_2 Pin=D11-2
Added Pin To Net: NetName=NetD12_2 Pin=D12-2
Added Pin To Net: NetName=GND Pin=P4-5
Added Pin To Net: NetName=GND Pin=P5-4
Added Pin To Net: NetName=GND Pin=P6-2
Added Pin To Net: NetName=NetQ1_1 Pin=Q1-1
Added Pin To Net: NetName=NetQ3_1 Pin=Q3-1
Added Pin To Net: NetName=NetQ4_1 Pin=Q4-1
Added Pin To Net: NetName=NetQ6_1 Pin=Q6-1
Added Pin To Net: NetName=NetQ1_1 Pin=R2-2
Added Pin To Net: NetName=GND Pin=R4-2
Added Pin To Net: NetName=GND Pin=R5-2
Added Pin To Net: NetName=NetQ3_1 Pin=R11-2
Added Pin To Net: NetName=GND Pin=R14-1
Added Pin To Net: NetName=NetQ4_1 Pin=R16-2
Added Pin To Net: NetName=NetQ4_1 Pin=R17-2
Added Pin To Net: NetName=NetQ6_1 Pin=R20-2
Added Pin To Net: NetName=NetQ6_1 Pin=R21-2
Added Pin To Net: NetName=GND Pin=R22-1
Added Pin To Net: NetName=NetD10_2 Pin=R22-2
Added Pin To Net: NetName=GND Pin=R23-1
Added Pin To Net: NetName=NetD11_2 Pin=R23-2
Added Pin To Net: NetName=GND Pin=R24-1
Added Pin To Net: NetName=NetD12_2 Pin=R24-2
Added Pin To Net: NetName=GND Pin=U1-15
Added Pin To Net: NetName=GND Pin=U1-16
Added Pin To Net: NetName=GND Pin=U2-6
Added Pin To Net: NetName=GND Pin=U3-7
Added Pin To Net: NetName=NetC14_1 Pin=U4-3
Added Pin To Net: NetName=GND Pin=U4-7
Added Pin To Net: NetName=GND Pin=U4-8
Added Pin To Net: NetName=NetC22_2 Pin=U5-4
Added Pin To Net: NetName=GND Pin=U5-7
Added Pin To Net: NetName=GND Pin=U5-8
Added Pin To Net: NetName=AHI Pin=C1-2
Added Pin To Net: NetName=AHI Pin=R1-1
Added Pin To Net: NetName=AHI Pin=U1-2
Added Pin To Net: NetName=AHI Pin=U2-5
Added Net: Name=AHI
Added Pin To Net: NetName=ALI Pin=U1-21
Added Pin To Net: NetName=ALI Pin=U2-4
Added Net: Name=ALI
Added Pin To Net: NetName=BHI Pin=C2-2
Added Pin To Net: NetName=BHI Pin=R3-1
Added Pin To Net: NetName=BHI Pin=U1-1
Added Pin To Net: NetName=BHI Pin=U2-2
Added Net: Name=BHI
Added Pin To Net: NetName=BLI Pin=U1-20
Added Pin To Net: NetName=BLI Pin=U2-3
Added Net: Name=BLI
Added Pin To Net: NetName=BRAKE Pin=R5-1
Added Pin To Net: NetName=BRAKE Pin=U1-23
Added Net: Name=BRAKE
Added Pin To Net: NetName=CHI Pin=C3-2
Added Pin To Net: NetName=CHI Pin=R6-1
Added Pin To Net: NetName=CHI Pin=U1-24
Added Pin To Net: NetName=CHI Pin=U2-12
Added Net: Name=CHI
Added Pin To Net: NetName=CLI Pin=U1-19
Added Pin To Net: NetName=CLI Pin=U2-11
Added Net: Name=CLI
Added Pin To Net: NetName=D\I\R\ Pin=C6-2
Added Pin To Net: NetName=D\I\R\ Pin=P5-3
Added Pin To Net: NetName=D\I\R\ Pin=R10-1
Added Pin To Net: NetName=D\I\R\ Pin=U3-5
Added Pin To Net: NetName=D\I\R\ Pin=U3-6
Added Net: Name=D\I\R\
Added Pin To Net: NetName=DIR Pin=D11-1
Added Pin To Net: NetName=DIR Pin=U1-3
Added Pin To Net: NetName=DIR Pin=U3-4
Added Net: Name=DIR
Added Pin To Net: NetName=FAULT Pin=R15-1
Added Pin To Net: NetName=FAULT Pin=U1-14
Added Pin To Net: NetName=FAULT Pin=U3-8
Added Pin To Net: NetName=FAULT Pin=U3-9
Added Net: Name=FAULT
Added Pin To Net: NetName=HALLA Pin=P4-3
Added Pin To Net: NetName=HALLA Pin=U1-4
Added Net: Name=HALLA
Added Pin To Net: NetName=HALLB Pin=P4-1
Added Pin To Net: NetName=HALLB Pin=U1-5
Added Net: Name=HALLB
Added Pin To Net: NetName=HALLC Pin=P4-4
Added Pin To Net: NetName=HALLC Pin=U1-6
Added Net: Name=HALLC
Added Pin To Net: NetName=ISENS Pin=Q2-3
Added Pin To Net: NetName=ISENS Pin=Q4-3
Added Pin To Net: NetName=ISENS Pin=Q6-3
Added Pin To Net: NetName=ISENS Pin=R9-1
Added Pin To Net: NetName=ISENS Pin=R12-1
Added Pin To Net: NetName=ISENS Pin=R14-2
Added Pin To Net: NetName=ISENS Pin=R17-1
Added Pin To Net: NetName=ISENS Pin=R21-1
Added Net: Name=ISENS
Added Pin To Net: NetName=MU Pin=C4-2
Added Pin To Net: NetName=MU Pin=D1-2
Added Pin To Net: NetName=MU Pin=P1-1
Added Pin To Net: NetName=MU Pin=Q1-3
Added Pin To Net: NetName=MU Pin=Q2-4
Added Pin To Net: NetName=MU Pin=U2-18
Added Net: Name=MU
Added Pin To Net: NetName=MV Pin=C7-2
Added Pin To Net: NetName=MV Pin=D4-2
Added Pin To Net: NetName=MV Pin=P2-1
Added Pin To Net: NetName=MV Pin=Q3-3
Added Pin To Net: NetName=MV Pin=Q4-4
Added Pin To Net: NetName=MV Pin=U2-23
Added Net: Name=MV
Added Pin To Net: NetName=MW Pin=C17-2
Added Pin To Net: NetName=MW Pin=D7-2
Added Pin To Net: NetName=MW Pin=P3-1
Added Pin To Net: NetName=MW Pin=Q5-3
Added Pin To Net: NetName=MW Pin=Q6-4
Added Pin To Net: NetName=MW Pin=U2-15
Added Net: Name=MW
Added Pin To Net: NetName=NetC4_1 Pin=C4-1
Added Pin To Net: NetName=NetC4_1 Pin=D3-2
Added Pin To Net: NetName=NetC4_1 Pin=U2-16
Added Net: Name=NetC4_1
Added Pin To Net: NetName=NetC7_1 Pin=C7-1
Added Pin To Net: NetName=NetC7_1 Pin=D6-2
Added Pin To Net: NetName=NetC7_1 Pin=U2-1
Added Net: Name=NetC7_1
Added Pin To Net: NetName=NetC8_2 Pin=C8-2
Added Pin To Net: NetName=NetC8_2 Pin=R12-2
Added Pin To Net: NetName=NetC8_2 Pin=U1-9
Added Net: Name=NetC8_2
Added Pin To Net: NetName=NetC9_2 Pin=C9-2
Added Pin To Net: NetName=NetC9_2 Pin=R13-2
Added Pin To Net: NetName=NetC9_2 Pin=U1-10
Added Net: Name=NetC9_2
Added Pin To Net: NetName=NetC12_1 Pin=C12-1
Added Pin To Net: NetName=NetC12_1 Pin=U4-1
Added Net: Name=NetC12_1
Added Pin To Net: NetName=NetC12_2 Pin=C12-2
Added Pin To Net: NetName=NetC12_2 Pin=U4-2
Added Net: Name=NetC12_2
Added Pin To Net: NetName=NetC14_2 Pin=C14-2
Added Pin To Net: NetName=NetC14_2 Pin=U4-4
Added Net: Name=NetC14_2
Added Pin To Net: NetName=NetC17_1 Pin=C17-1
Added Pin To Net: NetName=NetC17_1 Pin=D9-2
Added Pin To Net: NetName=NetC17_1 Pin=U2-13
Added Net: Name=NetC17_1
Added Pin To Net: NetName=NetC20_1 Pin=C20-1
Added Pin To Net: NetName=NetC20_1 Pin=U5-1
Added Net: Name=NetC20_1
Added Pin To Net: NetName=NetC20_2 Pin=C20-2
Added Pin To Net: NetName=NetC20_2 Pin=U5-2
Added Net: Name=NetC20_2
Added Pin To Net: NetName=NetC22_1 Pin=C22-1
Added Pin To Net: NetName=NetC22_1 Pin=U5-3
Added Net: Name=NetC22_1
Added Pin To Net: NetName=NetD1_1 Pin=D1-1
Added Pin To Net: NetName=NetD1_1 Pin=D2-2
Added Net: Name=NetD1_1
Added Pin To Net: NetName=NetD4_1 Pin=D4-1
Added Pin To Net: NetName=NetD4_1 Pin=D5-2
Added Net: Name=NetD4_1
Added Pin To Net: NetName=NetD7_1 Pin=D7-1
Added Pin To Net: NetName=NetD7_1 Pin=D8-2
Added Net: Name=NetD7_1
Added Pin To Net: NetName=NetF1_2 Pin=F1-2
Added Pin To Net: NetName=NetF1_2 Pin=F1-2
Added Pin To Net: NetName=NetF1_2 Pin=P6-1
Added Net: Name=NetF1_2
Added Pin To Net: NetName=NetQ2_1 Pin=Q2-1
Added Pin To Net: NetName=NetQ2_1 Pin=R7-2
Added Pin To Net: NetName=NetQ2_1 Pin=R9-2
Added Net: Name=NetQ2_1
Added Pin To Net: NetName=NetQ5_1 Pin=Q5-1
Added Pin To Net: NetName=NetQ5_1 Pin=R19-2
Added Net: Name=NetQ5_1
Added Pin To Net: NetName=NetR2_1 Pin=R2-1
Added Pin To Net: NetName=NetR2_1 Pin=U2-17
Added Net: Name=NetR2_1
Added Pin To Net: NetName=NetR7_1 Pin=R7-1
Added Pin To Net: NetName=NetR7_1 Pin=U2-21
Added Net: Name=NetR7_1
Added Pin To Net: NetName=NetR11_1 Pin=R11-1
Added Pin To Net: NetName=NetR11_1 Pin=U2-24
Added Net: Name=NetR11_1
Added Pin To Net: NetName=NetR16_1 Pin=R16-1
Added Pin To Net: NetName=NetR16_1 Pin=U2-22
Added Net: Name=NetR16_1
Added Pin To Net: NetName=NetR18_1 Pin=R18-1
Added Pin To Net: NetName=NetR18_1 Pin=U2-7
Added Net: Name=NetR18_1
Added Pin To Net: NetName=NetR19_1 Pin=R19-1
Added Pin To Net: NetName=NetR19_1 Pin=U2-14
Added Net: Name=NetR19_1
Added Pin To Net: NetName=NetR20_1 Pin=R20-1
Added Pin To Net: NetName=NetR20_1 Pin=U2-19
Added Net: Name=NetR20_1
Added Pin To Net: NetName=NetU1_12 Pin=U1-12
Added Pin To Net: NetName=NetU1_12 Pin=U1-13
Added Net: Name=NetU1_12
Added Pin To Net: NetName=NetU2_10 Pin=U2-10
Added Pin To Net: NetName=NetU2_10 Pin=U3-10
Added Net: Name=NetU2_10
Added Pin To Net: NetName=P\W\M\ Pin=C5-2
Added Pin To Net: NetName=P\W\M\ Pin=P5-2
Added Pin To Net: NetName=P\W\M\ Pin=R8-1
Added Pin To Net: NetName=P\W\M\ Pin=U3-2
Added Pin To Net: NetName=P\W\M\ Pin=U3-3
Added Net: Name=P\W\M\
Added Pin To Net: NetName=PHASE Pin=R4-1
Added Pin To Net: NetName=PHASE Pin=U1-22
Added Net: Name=PHASE
Added Pin To Net: NetName=PWM Pin=D10-1
Added Pin To Net: NetName=PWM Pin=U1-11
Added Pin To Net: NetName=PWM Pin=U3-1
Added Net: Name=PWM
Added Pin To Net: NetName=VCC_5V Pin=C15-2
Added Pin To Net: NetName=VCC_5V Pin=C16-2
Added Pin To Net: NetName=VCC_5V Pin=C18-2
Added Pin To Net: NetName=VCC_5V Pin=C23-2
Added Pin To Net: NetName=VCC_5V Pin=D12-1
Added Pin To Net: NetName=VCC_5V Pin=P4-2
Added Pin To Net: NetName=VCC_5V Pin=P5-1
Added Pin To Net: NetName=VCC_5V Pin=R1-2
Added Pin To Net: NetName=VCC_5V Pin=R3-2
Added Pin To Net: NetName=VCC_5V Pin=R6-2
Added Pin To Net: NetName=VCC_5V Pin=R8-2
Added Pin To Net: NetName=VCC_5V Pin=R10-2
Added Pin To Net: NetName=VCC_5V Pin=R15-2
Added Pin To Net: NetName=VCC_5V Pin=U1-7
Added Pin To Net: NetName=VCC_5V Pin=U3-11
Added Pin To Net: NetName=VCC_5V Pin=U3-12
Added Pin To Net: NetName=VCC_5V Pin=U3-14
Added Pin To Net: NetName=VCC_5V Pin=U4-5
Added Pin To Net: NetName=VCC_5V Pin=U5-5
Added Net: Name=VCC_5V
Added Pin To Net: NetName=VCC_12V Pin=C10-2
Added Pin To Net: NetName=VCC_12V Pin=C11-1
Added Pin To Net: NetName=VCC_12V Pin=C13-2
Added Pin To Net: NetName=VCC_12V Pin=C19-2
Added Pin To Net: NetName=VCC_12V Pin=C21-2
Added Pin To Net: NetName=VCC_12V Pin=R18-2
Added Pin To Net: NetName=VCC_12V Pin=U1-17
Added Pin To Net: NetName=VCC_12V Pin=U1-18
Added Pin To Net: NetName=VCC_12V Pin=U2-20
Added Pin To Net: NetName=VCC_12V Pin=U4-6
Added Pin To Net: NetName=VCC_12V Pin=U5-6
Added Net: Name=VCC_12V
Added Pin To Net: NetName=VCC_24V Pin=C24-1
Added Pin To Net: NetName=VCC_24V Pin=C25-1
Added Pin To Net: NetName=VCC_24V Pin=D3-1
Added Pin To Net: NetName=VCC_24V Pin=D6-1
Added Pin To Net: NetName=VCC_24V Pin=D9-1
Added Pin To Net: NetName=VCC_24V Pin=F1-1
Added Pin To Net: NetName=VCC_24V Pin=F1-1
Added Pin To Net: NetName=VCC_24V Pin=Q1-4
Added Pin To Net: NetName=VCC_24V Pin=Q3-4
Added Pin To Net: NetName=VCC_24V Pin=Q5-4
Added Net: Name=VCC_24V
Added Pin To Net: NetName=VCC_REF Pin=R13-1
Added Pin To Net: NetName=VCC_REF Pin=U1-8
Added Net: Name=VCC_REF
Added Class: Name=Sensor Brushless Driver V1.0
