Removed Pin From Net: NetName=NetD1_1 Pin=Q1-1
Removed Pin From Net: NetName=MU Pin=Q1-3
Removed Pin From Net: NetName=VCC_24V Pin=Q1-4
Removed Pin From Net: NetName=NetD2_1 Pin=Q2-1
Removed Pin From Net: NetName=MU Pin=Q2-3
Removed Pin From Net: NetName=VCC_24V Pin=Q2-4
Removed Pin From Net: NetName=NetD6_1 Pin=Q3-1
Removed Pin From Net: NetName=ISENS Pin=Q3-3
Removed Pin From Net: NetName=MU Pin=Q3-4
Removed Pin From Net: NetName=NetD7_1 Pin=Q4-1
Removed Pin From Net: NetName=ISENS Pin=Q4-3
Removed Pin From Net: NetName=MU Pin=Q4-4
Removed Pin From Net: NetName=NetD8_1 Pin=Q5-1
Removed Pin From Net: NetName=MV Pin=Q5-3
Removed Pin From Net: NetName=VCC_24V Pin=Q5-4
Removed Pin From Net: NetName=NetD9_1 Pin=Q6-1
Removed Pin From Net: NetName=MV Pin=Q6-3
Removed Pin From Net: NetName=VCC_24V Pin=Q6-4
Removed Pin From Net: NetName=NetD13_1 Pin=Q7-1
Removed Pin From Net: NetName=ISENS Pin=Q7-3
Removed Pin From Net: NetName=MV Pin=Q7-4
Removed Pin From Net: NetName=NetD14_1 Pin=Q8-1
Removed Pin From Net: NetName=ISENS Pin=Q8-3
Removed Pin From Net: NetName=MV Pin=Q8-4
Removed Pin From Net: NetName=NetD15_1 Pin=Q9-1
Removed Pin From Net: NetName=MW Pin=Q9-3
Removed Pin From Net: NetName=VCC_24V Pin=Q9-4
Removed Pin From Net: NetName=NetD16_1 Pin=Q10-1
Removed Pin From Net: NetName=MW Pin=Q10-3
Removed Pin From Net: NetName=VCC_24V Pin=Q10-4
Removed Pin From Net: NetName=NetD20_1 Pin=Q11-1
Removed Pin From Net: NetName=ISENS Pin=Q11-3
Removed Pin From Net: NetName=MW Pin=Q11-4
Removed Pin From Net: NetName=NetD21_1 Pin=Q12-1
Removed Pin From Net: NetName=ISENS Pin=Q12-3
Removed Pin From Net: NetName=MW Pin=Q12-4
Removed Pin From Net: NetName=MU Pin=Q13-3
Removed Pin From Net: NetName=VCC_24V Pin=Q13-4
Removed Pin From Net: NetName=ISENS Pin=Q14-3
Removed Pin From Net: NetName=MU Pin=Q14-4
Removed Pin From Net: NetName=MV Pin=Q15-3
Removed Pin From Net: NetName=VCC_24V Pin=Q15-4
Removed Pin From Net: NetName=ISENS Pin=Q16-3
Removed Pin From Net: NetName=MV Pin=Q16-4
Removed Pin From Net: NetName=MW Pin=Q17-3
Removed Pin From Net: NetName=VCC_24V Pin=Q17-4
Removed Pin From Net: NetName=ISENS Pin=Q18-3
Removed Pin From Net: NetName=MW Pin=Q18-4
Change Component DesignItemId : Designator=Q1 Old DesignItemId=IRFR48Z New DesignItemId=D2k 7
Change Component DesignItemId : Designator=Q2 Old DesignItemId=IRFR48Z New DesignItemId=D2k 7
Change Component DesignItemId : Designator=Q3 Old DesignItemId=IRFR48Z New DesignItemId=D2k 7
Change Component DesignItemId : Designator=Q4 Old DesignItemId=IRFR48Z New DesignItemId=D2k 7
Change Component DesignItemId : Designator=Q5 Old DesignItemId=IRFR48Z New DesignItemId=D2k 7
Change Component DesignItemId : Designator=Q6 Old DesignItemId=IRFR48Z New DesignItemId=D2k 7
Change Component DesignItemId : Designator=Q7 Old DesignItemId=IRFR48Z New DesignItemId=D2k 7
Change Component DesignItemId : Designator=Q8 Old DesignItemId=IRFR48Z New DesignItemId=D2k 7
Change Component DesignItemId : Designator=Q9 Old DesignItemId=IRFR48Z New DesignItemId=D2k 7
Change Component DesignItemId : Designator=Q10 Old DesignItemId=IRFR48Z New DesignItemId=D2k 7
Change Component DesignItemId : Designator=Q11 Old DesignItemId=IRFR48Z New DesignItemId=D2k 7
Change Component DesignItemId : Designator=Q12 Old DesignItemId=IRFR48Z New DesignItemId=D2k 7
Change Component DesignItemId : Designator=Q13 Old DesignItemId=IRFR48Z New DesignItemId=D2k 7
Change Component DesignItemId : Designator=Q14 Old DesignItemId=IRFR48Z New DesignItemId=D2k 7
Change Component DesignItemId : Designator=Q15 Old DesignItemId=IRFR48Z New DesignItemId=D2k 7
Change Component DesignItemId : Designator=Q16 Old DesignItemId=IRFR48Z New DesignItemId=D2k 7
Change Component DesignItemId : Designator=Q17 Old DesignItemId=IRFR48Z New DesignItemId=D2k 7
Change Component DesignItemId : Designator=Q18 Old DesignItemId=IRFR48Z New DesignItemId=D2k 7
Change Component Footprint: Designator=Q1 Old Footprint=TO-252AA New Footprint=D2k 7pin
Change Component Footprint: Designator=Q2 Old Footprint=TO-252AA New Footprint=D2k 7pin
Change Component Footprint: Designator=Q3 Old Footprint=TO-252AA New Footprint=D2k 7pin
Change Component Footprint: Designator=Q4 Old Footprint=TO-252AA New Footprint=D2k 7pin
Change Component Footprint: Designator=Q5 Old Footprint=TO-252AA New Footprint=D2k 7pin
Change Component Footprint: Designator=Q6 Old Footprint=TO-252AA New Footprint=D2k 7pin
Change Component Footprint: Designator=Q7 Old Footprint=TO-252AA New Footprint=D2k 7pin
Change Component Footprint: Designator=Q8 Old Footprint=TO-252AA New Footprint=D2k 7pin
Change Component Footprint: Designator=Q9 Old Footprint=TO-252AA New Footprint=D2k 7pin
Change Component Footprint: Designator=Q10 Old Footprint=TO-252AA New Footprint=D2k 7pin
Change Component Footprint: Designator=Q11 Old Footprint=TO-252AA New Footprint=D2k 7pin
Change Component Footprint: Designator=Q12 Old Footprint=TO-252AA New Footprint=D2k 7pin
Change Component Footprint: Designator=Q13 Old Footprint=TO-252AA New Footprint=D2k 7pin
Change Component Footprint: Designator=Q14 Old Footprint=TO-252AA New Footprint=D2k 7pin
Change Component Footprint: Designator=Q15 Old Footprint=TO-252AA New Footprint=D2k 7pin
Change Component Footprint: Designator=Q16 Old Footprint=TO-252AA New Footprint=D2k 7pin
Change Component Footprint: Designator=Q17 Old Footprint=TO-252AA New Footprint=D2k 7pin
Change Component Footprint: Designator=Q18 Old Footprint=TO-252AA New Footprint=D2k 7pin
Change Component Comment : Designator=Q1 Old Comment=IRFR48Z New Comment=IRFS7530
Change Component Comment : Designator=Q2 Old Comment=IRFR48Z New Comment=IRFS7530
Change Component Comment : Designator=Q3 Old Comment=IRFR48Z New Comment=IRFS7530
Change Component Comment : Designator=Q4 Old Comment=IRFR48Z New Comment=IRFS7530
Change Component Comment : Designator=Q5 Old Comment=IRFR48Z New Comment=IRFS7530
Change Component Comment : Designator=Q6 Old Comment=IRFR48Z New Comment=IRFS7530
Change Component Comment : Designator=Q7 Old Comment=IRFR48Z New Comment=IRFS7530
Change Component Comment : Designator=Q8 Old Comment=IRFR48Z New Comment=IRFS7530
Change Component Comment : Designator=Q9 Old Comment=IRFR48Z New Comment=IRFS7530
Change Component Comment : Designator=Q10 Old Comment=IRFR48Z New Comment=IRFS7530
Change Component Comment : Designator=Q11 Old Comment=IRFR48Z New Comment=IRFS7530
Change Component Comment : Designator=Q12 Old Comment=IRFR48Z New Comment=IRFS7530
Change Component Comment : Designator=Q13 Old Comment=IRFR48Z New Comment=IRFS7530
Change Component Comment : Designator=Q14 Old Comment=IRFR48Z New Comment=IRFS7530
Change Component Comment : Designator=Q15 Old Comment=IRFR48Z New Comment=IRFS7530
Change Component Comment : Designator=Q16 Old Comment=IRFR48Z New Comment=IRFS7530
Change Component Comment : Designator=Q17 Old Comment=IRFR48Z New Comment=IRFS7530
Change Component Comment : Designator=Q18 Old Comment=IRFR48Z New Comment=IRFS7530
Added Pin To Net: NetName=MU Pin=Q1-0
Added Pin To Net: NetName=NetD2_1 Pin=Q1-1
Added Pin To Net: NetName=VCC_24V Pin=Q1-2
Added Pin To Net: NetName=ISENS Pin=Q2-0
Added Pin To Net: NetName=NetD7_1 Pin=Q2-1
Added Pin To Net: NetName=MU Pin=Q2-2
Added Pin To Net: NetName=MV Pin=Q3-0
Added Pin To Net: NetName=NetD9_1 Pin=Q3-1
Added Pin To Net: NetName=VCC_24V Pin=Q3-2
Added Pin To Net: NetName=ISENS Pin=Q4-0
Added Pin To Net: NetName=NetD14_1 Pin=Q4-1
Added Pin To Net: NetName=MV Pin=Q4-2
Added Pin To Net: NetName=MW Pin=Q5-0
Added Pin To Net: NetName=NetD16_1 Pin=Q5-1
Added Pin To Net: NetName=VCC_24V Pin=Q5-2
Added Pin To Net: NetName=ISENS Pin=Q6-0
Added Pin To Net: NetName=NetD21_1 Pin=Q6-1
Added Pin To Net: NetName=MW Pin=Q6-2
Added Pin To Net: NetName=MU Pin=Q7-0
Added Pin To Net: NetName=NetD1_1 Pin=Q7-1
Added Pin To Net: NetName=VCC_24V Pin=Q7-2
Added Pin To Net: NetName=ISENS Pin=Q8-0
Added Pin To Net: NetName=NetD6_1 Pin=Q8-1
Added Pin To Net: NetName=MU Pin=Q8-2
Added Pin To Net: NetName=MV Pin=Q9-0
Added Pin To Net: NetName=NetD8_1 Pin=Q9-1
Added Pin To Net: NetName=VCC_24V Pin=Q9-2
Added Pin To Net: NetName=ISENS Pin=Q10-0
Added Pin To Net: NetName=NetD13_1 Pin=Q10-1
Added Pin To Net: NetName=MV Pin=Q10-2
Added Pin To Net: NetName=MW Pin=Q11-0
Added Pin To Net: NetName=NetD15_1 Pin=Q11-1
Added Pin To Net: NetName=VCC_24V Pin=Q11-2
Added Pin To Net: NetName=ISENS Pin=Q12-0
Added Pin To Net: NetName=NetD20_1 Pin=Q12-1
Added Pin To Net: NetName=MW Pin=Q12-2
Added Pin To Net: NetName=MU Pin=Q13-0
Added Pin To Net: NetName=VCC_24V Pin=Q13-2
Added Pin To Net: NetName=ISENS Pin=Q14-0
Added Pin To Net: NetName=MU Pin=Q14-2
Added Pin To Net: NetName=MV Pin=Q15-0
Added Pin To Net: NetName=VCC_24V Pin=Q15-2
Added Pin To Net: NetName=ISENS Pin=Q16-0
Added Pin To Net: NetName=MV Pin=Q16-2
Added Pin To Net: NetName=MW Pin=Q17-0
Added Pin To Net: NetName=VCC_24V Pin=Q17-2
Added Pin To Net: NetName=ISENS Pin=Q18-0
Added Pin To Net: NetName=MW Pin=Q18-2
Change Class Name : Old Net Name=Sensor Brushless Driver V1.0 New Net Name=Sensor Brushless Driver V1.01
Added Room: Name=Sensor Brushless Driver V1.01
